<?xml version="1.0" encoding="UTF-8"?>
<!-- Generated by org.testng.reporters.JUnitXMLReporter -->
<testsuite ignored="0" hostname="DESKTOP-GJ43QS2" failures="0" tests="12" name="Default test" time="30.165" errors="0" timestamp="2019-12-14T16:20:59 EST">
  <testcase classname="SeleniumSessions.TestNGAnotation" name="googlelogoTesting" time="0.11"/>
  <testcase classname="SeleniumSessions.TestNGAnotation" name="googlesearchTesting" time="0.014"/>
  <testcase classname="SeleniumSessions.TestNGAnotation" name="googleTitleTest" time="0.012"/>
  <testcase classname="SeleniumSessions.TestNGAnotation" name="googleTitleTest" time="0.013"/>
  <testcase classname="SeleniumSessions.TestNGAnotation" name="googleTitleTest" time="0.009"/>
  <testcase classname="SeleniumSessions.TestNGAnotation" name="googleTitleTest" time="0.007"/>
  <testcase classname="SeleniumSessions.TestNGAnotation" name="googleTitleTest" time="0.008"/>
  <testcase classname="SeleniumSessions.TestNGAnotation" name="googleTitleTest" time="0.016"/>
  <testcase classname="SeleniumSessions.TestNGAnotation" name="googleTitleTest" time="0.012"/>
  <testcase classname="SeleniumSessions.TestNGAnotation" name="googleTitleTest" time="0.01"/>
  <testcase classname="SeleniumSessions.TestNGAnotation" name="googleTitleTest" time="0.007"/>
  <testcase classname="SeleniumSessions.TestNGAnotation" name="googleTitleTest" time="0.008"/>
</testsuite> <!-- Default test -->
