<?xml version="1.0" encoding="UTF-8"?>
<testng-results ignored="0" total="12" passed="12" failed="0" skipped="0">
  <reporter-output>
  </reporter-output>
  <suite started-at="2019-12-14T17:30:15 EST" name="TestNG" finished-at="2019-12-14T17:30:36 EST" duration-ms="20367">
    <groups>
      <group name="Test">
        <method signature="TestNGAnotation.googlelogoTesting()[pri:1, instance:SeleniumSessions.TestNGAnotation@bd4dc25]" name="googlelogoTesting" class="SeleniumSessions.TestNGAnotation"/>
      </group> <!-- Test -->
      <group name="Testing">
        <method signature="TestNGAnotation.googlesearchTesting()[pri:2, instance:SeleniumSessions.TestNGAnotation@bd4dc25]" name="googlesearchTesting" class="SeleniumSessions.TestNGAnotation"/>
        <method signature="TestNGAnotation.googleTitleTest()[pri:3, instance:SeleniumSessions.TestNGAnotation@bd4dc25]" name="googleTitleTest" class="SeleniumSessions.TestNGAnotation"/>
      </group> <!-- Testing -->
    </groups>
    <test started-at="2019-12-14T17:30:15 EST" name="TestNG Testing" finished-at="2019-12-14T17:30:36 EST" duration-ms="20367">
      <class name="SeleniumSessions.TestNGAnotation">
        <test-method is-config="true" signature="setUp()[pri:0, instance:SeleniumSessions.TestNGAnotation@bd4dc25]" started-at="2019-12-14T17:30:15 EST" name="setUp" finished-at="2019-12-14T17:30:15 EST" duration-ms="11" status="PASS">
          <reporter-output>
          </reporter-output>
        </test-method> <!-- setUp -->
        <test-method is-config="true" signature="launchBrowser()[pri:0, instance:SeleniumSessions.TestNGAnotation@bd4dc25]" started-at="2019-12-14T17:30:15 EST" name="launchBrowser" finished-at="2019-12-14T17:30:23 EST" duration-ms="7295" status="PASS">
          <reporter-output>
          </reporter-output>
        </test-method> <!-- launchBrowser -->
        <test-method is-config="true" signature="enterURL()[pri:0, instance:SeleniumSessions.TestNGAnotation@bd4dc25]" started-at="2019-12-14T17:30:23 EST" name="enterURL" finished-at="2019-12-14T17:30:25 EST" duration-ms="2499" status="PASS">
          <reporter-output>
          </reporter-output>
        </test-method> <!-- enterURL -->
        <test-method signature="googlelogoTesting()[pri:1, instance:SeleniumSessions.TestNGAnotation@bd4dc25]" started-at="2019-12-14T17:30:25 EST" name="googlelogoTesting" finished-at="2019-12-14T17:30:25 EST" duration-ms="95" status="PASS">
          <reporter-output>
          </reporter-output>
        </test-method> <!-- googlelogoTesting -->
        <test-method is-config="true" signature="logOut()[pri:0, instance:SeleniumSessions.TestNGAnotation@bd4dc25]" started-at="2019-12-14T17:30:25 EST" name="logOut" finished-at="2019-12-14T17:30:25 EST" duration-ms="0" status="PASS">
          <reporter-output>
          </reporter-output>
        </test-method> <!-- logOut -->
        <test-method is-config="true" signature="enterURL()[pri:0, instance:SeleniumSessions.TestNGAnotation@bd4dc25]" started-at="2019-12-14T17:30:25 EST" name="enterURL" finished-at="2019-12-14T17:30:25 EST" duration-ms="221" status="PASS">
          <reporter-output>
          </reporter-output>
        </test-method> <!-- enterURL -->
        <test-method signature="googlesearchTesting()[pri:2, instance:SeleniumSessions.TestNGAnotation@bd4dc25]" started-at="2019-12-14T17:30:25 EST" name="googlesearchTesting" finished-at="2019-12-14T17:30:25 EST" depends-on-methods="SeleniumSessions.TestNGAnotation.googlelogoTesting" duration-ms="14" status="PASS">
          <reporter-output>
          </reporter-output>
        </test-method> <!-- googlesearchTesting -->
        <test-method is-config="true" signature="logOut()[pri:0, instance:SeleniumSessions.TestNGAnotation@bd4dc25]" started-at="2019-12-14T17:30:25 EST" name="logOut" finished-at="2019-12-14T17:30:25 EST" duration-ms="1" status="PASS">
          <reporter-output>
          </reporter-output>
        </test-method> <!-- logOut -->
        <test-method is-config="true" signature="enterURL()[pri:0, instance:SeleniumSessions.TestNGAnotation@bd4dc25]" started-at="2019-12-14T17:30:25 EST" name="enterURL" finished-at="2019-12-14T17:30:26 EST" duration-ms="320" status="PASS">
          <reporter-output>
          </reporter-output>
        </test-method> <!-- enterURL -->
        <test-method signature="googleTitleTest()[pri:3, instance:SeleniumSessions.TestNGAnotation@bd4dc25]" started-at="2019-12-14T17:30:26 EST" name="googleTitleTest" finished-at="2019-12-14T17:30:26 EST" duration-ms="21" status="PASS">
          <reporter-output>
          </reporter-output>
        </test-method> <!-- googleTitleTest -->
        <test-method is-config="true" signature="enterURL()[pri:0, instance:SeleniumSessions.TestNGAnotation@bd4dc25]" started-at="2019-12-14T17:30:26 EST" name="enterURL" finished-at="2019-12-14T17:30:26 EST" duration-ms="221" status="PASS">
          <reporter-output>
          </reporter-output>
        </test-method> <!-- enterURL -->
        <test-method is-config="true" signature="logOut()[pri:0, instance:SeleniumSessions.TestNGAnotation@bd4dc25]" started-at="2019-12-14T17:30:26 EST" name="logOut" finished-at="2019-12-14T17:30:26 EST" duration-ms="0" status="PASS">
          <reporter-output>
          </reporter-output>
        </test-method> <!-- logOut -->
        <test-method signature="googleTitleTest()[pri:3, instance:SeleniumSessions.TestNGAnotation@bd4dc25]" started-at="2019-12-14T17:30:26 EST" name="googleTitleTest" finished-at="2019-12-14T17:30:26 EST" duration-ms="9" status="PASS">
          <reporter-output>
          </reporter-output>
        </test-method> <!-- googleTitleTest -->
        <test-method is-config="true" signature="logOut()[pri:0, instance:SeleniumSessions.TestNGAnotation@bd4dc25]" started-at="2019-12-14T17:30:26 EST" name="logOut" finished-at="2019-12-14T17:30:26 EST" duration-ms="1" status="PASS">
          <reporter-output>
          </reporter-output>
        </test-method> <!-- logOut -->
        <test-method is-config="true" signature="enterURL()[pri:0, instance:SeleniumSessions.TestNGAnotation@bd4dc25]" started-at="2019-12-14T17:30:26 EST" name="enterURL" finished-at="2019-12-14T17:30:26 EST" duration-ms="248" status="PASS">
          <reporter-output>
          </reporter-output>
        </test-method> <!-- enterURL -->
        <test-method signature="googleTitleTest()[pri:3, instance:SeleniumSessions.TestNGAnotation@bd4dc25]" started-at="2019-12-14T17:30:26 EST" name="googleTitleTest" finished-at="2019-12-14T17:30:26 EST" duration-ms="7" status="PASS">
          <reporter-output>
          </reporter-output>
        </test-method> <!-- googleTitleTest -->
        <test-method is-config="true" signature="logOut()[pri:0, instance:SeleniumSessions.TestNGAnotation@bd4dc25]" started-at="2019-12-14T17:30:26 EST" name="logOut" finished-at="2019-12-14T17:30:26 EST" duration-ms="1" status="PASS">
          <reporter-output>
          </reporter-output>
        </test-method> <!-- logOut -->
        <test-method is-config="true" signature="enterURL()[pri:0, instance:SeleniumSessions.TestNGAnotation@bd4dc25]" started-at="2019-12-14T17:30:26 EST" name="enterURL" finished-at="2019-12-14T17:30:27 EST" duration-ms="246" status="PASS">
          <reporter-output>
          </reporter-output>
        </test-method> <!-- enterURL -->
        <test-method signature="googleTitleTest()[pri:3, instance:SeleniumSessions.TestNGAnotation@bd4dc25]" started-at="2019-12-14T17:30:27 EST" name="googleTitleTest" finished-at="2019-12-14T17:30:27 EST" duration-ms="19" status="PASS">
          <reporter-output>
          </reporter-output>
        </test-method> <!-- googleTitleTest -->
        <test-method is-config="true" signature="logOut()[pri:0, instance:SeleniumSessions.TestNGAnotation@bd4dc25]" started-at="2019-12-14T17:30:27 EST" name="logOut" finished-at="2019-12-14T17:30:27 EST" duration-ms="1" status="PASS">
          <reporter-output>
          </reporter-output>
        </test-method> <!-- logOut -->
        <test-method is-config="true" signature="enterURL()[pri:0, instance:SeleniumSessions.TestNGAnotation@bd4dc25]" started-at="2019-12-14T17:30:27 EST" name="enterURL" finished-at="2019-12-14T17:30:27 EST" duration-ms="381" status="PASS">
          <reporter-output>
          </reporter-output>
        </test-method> <!-- enterURL -->
        <test-method signature="googleTitleTest()[pri:3, instance:SeleniumSessions.TestNGAnotation@bd4dc25]" started-at="2019-12-14T17:30:27 EST" name="googleTitleTest" finished-at="2019-12-14T17:30:27 EST" duration-ms="12" status="PASS">
          <reporter-output>
          </reporter-output>
        </test-method> <!-- googleTitleTest -->
        <test-method is-config="true" signature="logOut()[pri:0, instance:SeleniumSessions.TestNGAnotation@bd4dc25]" started-at="2019-12-14T17:30:27 EST" name="logOut" finished-at="2019-12-14T17:30:27 EST" duration-ms="0" status="PASS">
          <reporter-output>
          </reporter-output>
        </test-method> <!-- logOut -->
        <test-method is-config="true" signature="enterURL()[pri:0, instance:SeleniumSessions.TestNGAnotation@bd4dc25]" started-at="2019-12-14T17:30:27 EST" name="enterURL" finished-at="2019-12-14T17:30:27 EST" duration-ms="263" status="PASS">
          <reporter-output>
          </reporter-output>
        </test-method> <!-- enterURL -->
        <test-method signature="googleTitleTest()[pri:3, instance:SeleniumSessions.TestNGAnotation@bd4dc25]" started-at="2019-12-14T17:30:27 EST" name="googleTitleTest" finished-at="2019-12-14T17:30:27 EST" duration-ms="7" status="PASS">
          <reporter-output>
          </reporter-output>
        </test-method> <!-- googleTitleTest -->
        <test-method is-config="true" signature="logOut()[pri:0, instance:SeleniumSessions.TestNGAnotation@bd4dc25]" started-at="2019-12-14T17:30:27 EST" name="logOut" finished-at="2019-12-14T17:30:27 EST" duration-ms="0" status="PASS">
          <reporter-output>
          </reporter-output>
        </test-method> <!-- logOut -->
        <test-method is-config="true" signature="enterURL()[pri:0, instance:SeleniumSessions.TestNGAnotation@bd4dc25]" started-at="2019-12-14T17:30:27 EST" name="enterURL" finished-at="2019-12-14T17:30:28 EST" duration-ms="366" status="PASS">
          <reporter-output>
          </reporter-output>
        </test-method> <!-- enterURL -->
        <test-method signature="googleTitleTest()[pri:3, instance:SeleniumSessions.TestNGAnotation@bd4dc25]" started-at="2019-12-14T17:30:28 EST" name="googleTitleTest" finished-at="2019-12-14T17:30:28 EST" duration-ms="11" status="PASS">
          <reporter-output>
          </reporter-output>
        </test-method> <!-- googleTitleTest -->
        <test-method is-config="true" signature="logOut()[pri:0, instance:SeleniumSessions.TestNGAnotation@bd4dc25]" started-at="2019-12-14T17:30:28 EST" name="logOut" finished-at="2019-12-14T17:30:28 EST" duration-ms="1" status="PASS">
          <reporter-output>
          </reporter-output>
        </test-method> <!-- logOut -->
        <test-method is-config="true" signature="enterURL()[pri:0, instance:SeleniumSessions.TestNGAnotation@bd4dc25]" started-at="2019-12-14T17:30:28 EST" name="enterURL" finished-at="2019-12-14T17:30:28 EST" duration-ms="309" status="PASS">
          <reporter-output>
          </reporter-output>
        </test-method> <!-- enterURL -->
        <test-method signature="googleTitleTest()[pri:3, instance:SeleniumSessions.TestNGAnotation@bd4dc25]" started-at="2019-12-14T17:30:28 EST" name="googleTitleTest" finished-at="2019-12-14T17:30:28 EST" duration-ms="5" status="PASS">
          <reporter-output>
          </reporter-output>
        </test-method> <!-- googleTitleTest -->
        <test-method is-config="true" signature="logOut()[pri:0, instance:SeleniumSessions.TestNGAnotation@bd4dc25]" started-at="2019-12-14T17:30:28 EST" name="logOut" finished-at="2019-12-14T17:30:28 EST" duration-ms="0" status="PASS">
          <reporter-output>
          </reporter-output>
        </test-method> <!-- logOut -->
        <test-method is-config="true" signature="enterURL()[pri:0, instance:SeleniumSessions.TestNGAnotation@bd4dc25]" started-at="2019-12-14T17:30:28 EST" name="enterURL" finished-at="2019-12-14T17:30:28 EST" duration-ms="236" status="PASS">
          <reporter-output>
          </reporter-output>
        </test-method> <!-- enterURL -->
        <test-method signature="googleTitleTest()[pri:3, instance:SeleniumSessions.TestNGAnotation@bd4dc25]" started-at="2019-12-14T17:30:28 EST" name="googleTitleTest" finished-at="2019-12-14T17:30:28 EST" duration-ms="10" status="PASS">
          <reporter-output>
          </reporter-output>
        </test-method> <!-- googleTitleTest -->
        <test-method is-config="true" signature="logOut()[pri:0, instance:SeleniumSessions.TestNGAnotation@bd4dc25]" started-at="2019-12-14T17:30:28 EST" name="logOut" finished-at="2019-12-14T17:30:28 EST" duration-ms="0" status="PASS">
          <reporter-output>
          </reporter-output>
        </test-method> <!-- logOut -->
        <test-method is-config="true" signature="enterURL()[pri:0, instance:SeleniumSessions.TestNGAnotation@bd4dc25]" started-at="2019-12-14T17:30:28 EST" name="enterURL" finished-at="2019-12-14T17:30:28 EST" duration-ms="239" status="PASS">
          <reporter-output>
          </reporter-output>
        </test-method> <!-- enterURL -->
        <test-method signature="googleTitleTest()[pri:3, instance:SeleniumSessions.TestNGAnotation@bd4dc25]" started-at="2019-12-14T17:30:28 EST" name="googleTitleTest" finished-at="2019-12-14T17:30:28 EST" duration-ms="7" status="PASS">
          <reporter-output>
          </reporter-output>
        </test-method> <!-- googleTitleTest -->
        <test-method is-config="true" signature="logOut()[pri:0, instance:SeleniumSessions.TestNGAnotation@bd4dc25]" started-at="2019-12-14T17:30:28 EST" name="logOut" finished-at="2019-12-14T17:30:28 EST" duration-ms="0" status="PASS">
          <reporter-output>
          </reporter-output>
        </test-method> <!-- logOut -->
        <test-method is-config="true" signature="closeBrowser()[pri:0, instance:SeleniumSessions.TestNGAnotation@bd4dc25]" started-at="2019-12-14T17:30:28 EST" name="closeBrowser" finished-at="2019-12-14T17:30:28 EST" duration-ms="0" status="PASS">
          <reporter-output>
          </reporter-output>
        </test-method> <!-- closeBrowser -->
        <test-method is-config="true" signature="deleteAllCockies()[pri:0, instance:SeleniumSessions.TestNGAnotation@bd4dc25]" started-at="2019-12-14T17:30:28 EST" name="deleteAllCockies" finished-at="2019-12-14T17:30:36 EST" duration-ms="7230" status="PASS">
          <reporter-output>
          </reporter-output>
        </test-method> <!-- deleteAllCockies -->
      </class> <!-- SeleniumSessions.TestNGAnotation -->
    </test> <!-- TestNG Testing -->
  </suite> <!-- TestNG -->
</testng-results>
