<?xml version="1.0" encoding="UTF-8"?>
<!-- Generated by org.testng.reporters.JUnitXMLReporter -->
<testsuite ignored="0" hostname="DESKTOP-GJ43QS2" failures="0" tests="12" name="TestNG Testing" time="20.367" errors="0" timestamp="2019-12-14T17:30:36 EST">
  <testcase classname="SeleniumSessions.TestNGAnotation" name="googlelogoTesting" time="0.095"/>
  <testcase classname="SeleniumSessions.TestNGAnotation" name="googlesearchTesting" time="0.014"/>
  <testcase classname="SeleniumSessions.TestNGAnotation" name="googleTitleTest" time="0.021"/>
  <testcase classname="SeleniumSessions.TestNGAnotation" name="googleTitleTest" time="0.009"/>
  <testcase classname="SeleniumSessions.TestNGAnotation" name="googleTitleTest" time="0.007"/>
  <testcase classname="SeleniumSessions.TestNGAnotation" name="googleTitleTest" time="0.019"/>
  <testcase classname="SeleniumSessions.TestNGAnotation" name="googleTitleTest" time="0.012"/>
  <testcase classname="SeleniumSessions.TestNGAnotation" name="googleTitleTest" time="0.007"/>
  <testcase classname="SeleniumSessions.TestNGAnotation" name="googleTitleTest" time="0.011"/>
  <testcase classname="SeleniumSessions.TestNGAnotation" name="googleTitleTest" time="0.005"/>
  <testcase classname="SeleniumSessions.TestNGAnotation" name="googleTitleTest" time="0.01"/>
  <testcase classname="SeleniumSessions.TestNGAnotation" name="googleTitleTest" time="0.007"/>
</testsuite> <!-- TestNG Testing -->
